<?xml version="1.0" encoding="UTF-8"?>
<testng-results skipped="0" failed="0" total="1" passed="1">
  <reporter-output>
  </reporter-output>
  <suite name="HMS" duration-ms="29869" started-at="2015-07-16T05:42:47Z" finished-at="2015-07-16T05:43:17Z">
    <groups>
    </groups>
    <test name="HMS result" duration-ms="29869" started-at="2015-07-16T05:42:47Z" finished-at="2015-07-16T05:43:17Z">
      <class name="Com.hms1.hms_rg">
        <test-method status="PASS" signature="beforeTest()[pri:0, instance:Com.hms1.hms_rg@6256c88c]" name="beforeTest" is-config="true" duration-ms="17254" started-at="2015-07-16T11:12:47Z" finished-at="2015-07-16T11:13:05Z">
          <reporter-output>
          </reporter-output>
        </test-method> <!-- beforeTest -->
        <test-method status="PASS" signature="RG()[pri:0, instance:Com.hms1.hms_rg@6256c88c]" name="RG" duration-ms="12525" started-at="2015-07-16T11:13:05Z" finished-at="2015-07-16T11:13:17Z">
          <reporter-output>
          </reporter-output>
        </test-method> <!-- RG -->
        <test-method status="PASS" signature="afterTest()[pri:0, instance:Com.hms1.hms_rg@6256c88c]" name="afterTest" is-config="true" duration-ms="1" started-at="2015-07-16T11:13:17Z" finished-at="2015-07-16T11:13:17Z">
          <reporter-output>
          </reporter-output>
        </test-method> <!-- afterTest -->
      </class> <!-- Com.hms1.hms_rg -->
    </test> <!-- HMS result -->
  </suite> <!-- HMS -->
</testng-results>
