<?xml version="1.0" encoding="UTF-8"?>
<testng-results skipped="0" failed="0" total="1" passed="1">
  <reporter-output>
  </reporter-output>
  <suite name="Default suite" duration-ms="71010" started-at="2015-08-04T12:00:28Z" finished-at="2015-08-04T12:01:39Z">
    <groups>
    </groups>
    <test name="Default test" duration-ms="71010" started-at="2015-08-04T12:00:28Z" finished-at="2015-08-04T12:01:39Z">
      <class name="Datadriven.HMS">
        <test-method status="PASS" signature="beforeTest()[pri:0, instance:Datadriven.HMS@378d0a23]" name="beforeTest" is-config="true" duration-ms="22690" started-at="2015-08-04T17:30:28Z" finished-at="2015-08-04T17:30:50Z">
          <reporter-output>
          </reporter-output>
        </test-method> <!-- beforeTest -->
        <test-method status="PASS" signature="f()[pri:0, instance:Datadriven.HMS@378d0a23]" name="f" duration-ms="48283" started-at="2015-08-04T17:30:50Z" finished-at="2015-08-04T17:31:39Z">
          <reporter-output>
          </reporter-output>
        </test-method> <!-- f -->
        <test-method status="PASS" signature="afterTest()[pri:0, instance:Datadriven.HMS@378d0a23]" name="afterTest" is-config="true" duration-ms="1" started-at="2015-08-04T17:31:39Z" finished-at="2015-08-04T17:31:39Z">
          <reporter-output>
          </reporter-output>
        </test-method> <!-- afterTest -->
      </class> <!-- Datadriven.HMS -->
    </test> <!-- Default test -->
  </suite> <!-- Default suite -->
</testng-results>
