<?xml version="1.0" encoding="UTF-8"?>
<!-- Generated by org.testng.reporters.JUnitXMLReporter -->
<testsuite hostname="sudheer-PC" name="spice jet result" tests="8" failures="0" timestamp="29 Jun 2015 14:14:51 GMT" time="279.404" errors="0">
  <testcase name="test08" time="32.077" classname="Examples_TestNg.Spicejet_bookafilght_TCS"/>
  <testcase name="test09" time="33.166" classname="Examples_TestNg.Spicejet_bookafilght_TCS"/>
  <testcase name="test10" time="28.199" classname="Examples_TestNg.Spicejet_bookafilght_TCS"/>
  <testcase name="test11" time="25.958" classname="Examples_TestNg.Spicejet_bookafilght_TCS"/>
  <testcase name="test22" time="34.951" classname="Examples_TestNg.Spicejet_bookafilght_TCS"/>
  <testcase name="test23" time="36.908" classname="Examples_TestNg.Spicejet_bookafilght_TCS"/>
  <testcase name="test24" time="35.128" classname="Examples_TestNg.Spicejet_bookafilght_TCS"/>
  <testcase name="test25" time="18.723" classname="Examples_TestNg.Spicejet_bookafilght_TCS"/>
</testsuite> <!-- spice jet result -->
